<?xml version="1.0" encoding="UTF-8"?>
<!-- Generated by org.testng.reporters.JUnitReportReporter -->
<testsuite hostname="Saurabh" failures="0" tests="2" name="test.LoginTest" time="2.130" errors="0" timestamp="2024-11-09T16:10:07 IST" skipped="0">
  <testcase classname="test.LoginTest" name="verifypagetitle" time="0.029"/>
  <testcase classname="test.LoginTest" name="login" time="2.101"/>
</testsuite> <!-- test.LoginTest -->
