<?xml version="1.0" encoding="UTF-8"?>
<!-- Generated by org.testng.reporters.JUnitReportReporter -->
<testsuite hostname="Saurabh" failures="0" tests="2" name="test.LoginTest" time="1.310" errors="0" timestamp="2024-08-27T18:04:38 IST" skipped="0">
  <testcase classname="test.LoginTest" name="verifypagetitle" time="0.033"/>
  <testcase classname="test.LoginTest" name="login" time="1.277"/>
</testsuite> <!-- test.LoginTest -->
