<?xml version="1.0" encoding="UTF-8"?>
<!-- Generated by org.testng.reporters.JUnitReportReporter -->
<testsuite hostname="Saurabh" failures="0" tests="1" name="test.HomeTest" time="6.089" errors="0" timestamp="2024-08-27T18:04:38 IST" skipped="0">
  <testcase classname="test.HomeTest" name="logout" time="6.089"/>
</testsuite> <!-- test.HomeTest -->
