<?xml version="1.0" encoding="UTF-8"?>
<!-- Generated by org.testng.reporters.JUnitReportReporter -->
<testsuite hostname="Saurabh" failures="0" tests="1" name="test.HomeTest" time="4.710" errors="0" timestamp="2024-11-09T16:10:07 IST" skipped="0">
  <testcase classname="test.HomeTest" name="logout" time="4.710"/>
</testsuite> <!-- test.HomeTest -->
